2026/07/14 12:14:26 plsim g9: s1 label=prefix seed=41 windows=432 solves=330 events=320 quiet-events/day=5220.00 det=map[cs:3] storm-duty=0.00 frozen-max=0 (1.9s) -> results/g9/confirm/s1-prefix-seed41.json
2026/07/14 12:14:28 plsim g9: s1 label=postfix seed=41 windows=432 solves=330 events=0 quiet-events/day=0.00 det=map[] storm-duty=0.00 frozen-max=0 (1.4s) -> results/g9/confirm/s1-postfix-seed41.json
2026/07/14 12:14:29 plsim g9: s2 label=prefix seed=41 windows=264 solves=184 events=177 quiet-events/day=3766.15 det=map[c:1 cs:1 k15:1 k30:1 routed:1 storm:1] storm-duty=0.03 frozen-max=0 (1.2s) -> results/g9/confirm/s2-prefix-seed41.json
2026/07/14 12:14:30 plsim g9: s2 label=postfix seed=41 windows=264 solves=175 events=2 quiet-events/day=0.00 det=map[c:1 cs:1 k15:1 k30:1 routed:1 storm:1] storm-duty=0.07 frozen-max=278 (1.1s) -> results/g9/confirm/s2-postfix-seed41.json
2026/07/14 12:14:33 plsim g9: s3-m1 label=prefix seed=41 windows=621 solves=487 events=464 quiet-events/day=5958.62 det=map[cs:30] storm-duty=0.00 frozen-max=0 (2.9s) -> results/g9/confirm/s3-m1-prefix-seed41.json
2026/07/14 12:14:36 plsim g9: s3-m2 label=prefix seed=41 windows=621 solves=487 events=347 quiet-events/day=5958.62 det=map[cs:24] storm-duty=0.00 frozen-max=0 (2.7s) -> results/g9/confirm/s3-m2-prefix-seed41.json
2026/07/14 12:14:39 plsim g9: s3-m5 label=prefix seed=41 windows=621 solves=487 events=326 quiet-events/day=5958.62 det=map[cs:17] storm-duty=0.00 frozen-max=0 (2.8s) -> results/g9/confirm/s3-m5-prefix-seed41.json
2026/07/14 12:14:42 plsim g9: s3-m10 label=prefix seed=41 windows=621 solves=487 events=326 quiet-events/day=5958.62 det=map[c:23 cs:17 k15:25 k30:20] storm-duty=0.00 frozen-max=0 (2.8s) -> results/g9/confirm/s3-m10-prefix-seed41.json
2026/07/14 12:14:44 plsim g9: s3-m20 label=prefix seed=41 windows=621 solves=487 events=326 quiet-events/day=5958.62 det=map[c:30 cs:17 k15:30 k30:30] storm-duty=0.00 frozen-max=0 (2.9s) -> results/g9/confirm/s3-m20-prefix-seed41.json
2026/07/14 12:14:46 plsim g9: s3-m1 label=postfix seed=41 windows=621 solves=487 events=0 quiet-events/day=0.00 det=map[] storm-duty=0.00 frozen-max=0 (1.8s) -> results/g9/confirm/s3-m1-postfix-seed41.json
2026/07/14 12:14:48 plsim g9: s3-m2 label=postfix seed=41 windows=621 solves=487 events=0 quiet-events/day=0.00 det=map[] storm-duty=0.00 frozen-max=0 (1.8s) -> results/g9/confirm/s3-m2-postfix-seed41.json
2026/07/14 12:14:50 plsim g9: s3-m5 label=postfix seed=41 windows=621 solves=487 events=0 quiet-events/day=0.00 det=map[] storm-duty=0.00 frozen-max=0 (1.9s) -> results/g9/confirm/s3-m5-postfix-seed41.json
2026/07/14 12:14:52 plsim g9: s3-m10 label=postfix seed=41 windows=621 solves=487 events=0 quiet-events/day=0.00 det=map[c:23 k15:22 k30:23] storm-duty=0.00 frozen-max=1 (1.9s) -> results/g9/confirm/s3-m10-postfix-seed41.json
2026/07/14 12:14:54 plsim g9: s3-m20 label=postfix seed=41 windows=621 solves=487 events=192 quiet-events/day=2913.10 det=map[c:30 cs:14 k15:30 k30:30] storm-duty=0.00 frozen-max=15 (1.9s) -> results/g9/confirm/s3-m20-postfix-seed41.json
2026/07/14 12:14:57 plsim g9: s4 label=prefix seed=41 windows=587 solves=459 events=370 quiet-events/day=5907.47 det=map[cs:15 k15:30 k30:15 routed:30] storm-duty=0.00 frozen-max=0 (2.6s) -> results/g9/confirm/s4-prefix-seed41.json
2026/07/14 12:14:59 plsim g9: s4 label=postfix seed=41 windows=587 solves=459 events=0 quiet-events/day=0.00 det=map[k15:30 k30:15 routed:30] storm-duty=0.00 frozen-max=0 (1.9s) -> results/g9/confirm/s4-postfix-seed41.json
2026/07/14 12:15:00 plsim g9: s6 label=prefix seed=41 windows=309 solves=224 events=216 quiet-events/day=523.64 det=map[c:1 cs:1 k15:1 k30:1 routed:1 storm:1] storm-duty=0.01 frozen-max=0 (1.6s) -> results/g9/confirm/s6-prefix-seed41.json
2026/07/14 12:15:02 plsim g9: s6 label=postfix seed=41 windows=309 solves=212 events=72 quiet-events/day=0.00 det=map[c:1 cs:1 k15:1 k30:1 routed:1 storm:1] storm-duty=0.05 frozen-max=284 (1.3s) -> results/g9/confirm/s6-postfix-seed41.json
2026/07/14 12:15:44 plsim g9: s5 label=prefix seed=41 windows=17280 solves=5748 events=5415 quiet-events/day=5415.00 det=map[] storm-duty=0.00 frozen-max=0 (42.1s) -> results/g9/confirm/s5-prefix-seed41.json
2026/07/14 12:16:16 plsim g9: s5 label=postfix seed=41 windows=17280 solves=5748 events=1 quiet-events/day=1.00 det=map[] storm-duty=0.00 frozen-max=3 (31.5s) -> results/g9/confirm/s5-postfix-seed41.json
2026/07/14 12:16:16 plsim g9 sweep: noise=0 done (1/8)
2026/07/14 12:16:18 plsim g9 sweep: noise=0.05 done (2/8)
2026/07/14 12:16:20 plsim g9 sweep: noise=0.1 done (3/8)
2026/07/14 12:16:21 plsim g9 sweep: noise=0.2 done (4/8)
2026/07/14 12:16:23 plsim g9 sweep: noise=0.4 done (5/8)
2026/07/14 12:16:25 plsim g9 sweep: noise=0.8 done (6/8)
2026/07/14 12:16:27 plsim g9 sweep: noise=1.6 done (7/8)
2026/07/14 12:16:28 plsim g9 sweep: noise=3.2 done (8/8)
2026/07/14 12:16:28 plsim g9 sweep: deadzone noise=0: recovery floor (>=90%) 0.4, detection floor (>=90%) 0.1, storm fires from 0.1, undetected up to —
2026/07/14 12:16:28 plsim g9 sweep: deadzone noise=0.05: recovery floor (>=90%) 51.2, detection floor (>=90%) 12.8, storm fires from 12.8, undetected up to 6.4
2026/07/14 12:16:28 plsim g9 sweep: deadzone noise=0.1: recovery floor (>=90%) 102.4, detection floor (>=90%) 25.6, storm fires from 25.6, undetected up to 12.8
2026/07/14 12:16:28 plsim g9 sweep: deadzone noise=0.2: recovery floor (>=90%) —, detection floor (>=90%) 51.2, storm fires from 51.2, undetected up to 25.6
2026/07/14 12:16:28 plsim g9 sweep: deadzone noise=0.4: recovery floor (>=90%) —, detection floor (>=90%) 102.4, storm fires from 102.4, undetected up to 51.2
2026/07/14 12:16:28 plsim g9 sweep: deadzone noise=0.8: recovery floor (>=90%) —, detection floor (>=90%) —, storm fires from —, undetected up to 102.4
2026/07/14 12:16:28 plsim g9 sweep: deadzone noise=1.6: recovery floor (>=90%) —, detection floor (>=90%) —, storm fires from —, undetected up to 3.2
2026/07/14 12:16:28 plsim g9 sweep: deadzone noise=3.2: recovery floor (>=90%) 12.8, detection floor (>=90%) 12.8, storm fires from —, undetected up to 6.4
2026/07/14 12:16:28 plsim g9 sweep: wrote results/g9/confirm/sweep-postfix-seed41.csv, results/g9/confirm/sweep-postfix-seed41.md
2026/07/14 12:16:30 plsim g9: s1 label=prefix seed=42 windows=432 solves=330 events=314 quiet-events/day=5040.00 det=map[cs:3] storm-duty=0.00 frozen-max=0 (1.9s) -> results/g9/confirm/s1-prefix-seed42.json
2026/07/14 12:16:32 plsim g9: s1 label=postfix seed=42 windows=432 solves=330 events=0 quiet-events/day=0.00 det=map[] storm-duty=0.00 frozen-max=0 (1.2s) -> results/g9/confirm/s1-postfix-seed42.json
2026/07/14 12:16:33 plsim g9: s2 label=prefix seed=42 windows=264 solves=184 events=174 quiet-events/day=3212.31 det=map[c:1 cs:1 k15:1 k30:1 routed:1 storm:1] storm-duty=0.03 frozen-max=0 (1.1s) -> results/g9/confirm/s2-prefix-seed42.json
2026/07/14 12:16:34 plsim g9: s2 label=postfix seed=42 windows=264 solves=175 events=10 quiet-events/day=0.00 det=map[c:1 cs:1 k15:1 k30:1 routed:1 storm:1] storm-duty=0.07 frozen-max=275 (1.1s) -> results/g9/confirm/s2-postfix-seed42.json
2026/07/14 12:16:37 plsim g9: s3-m1 label=prefix seed=42 windows=621 solves=487 events=446 quiet-events/day=5859.31 det=map[cs:30] storm-duty=0.00 frozen-max=0 (2.8s) -> results/g9/confirm/s3-m1-prefix-seed42.json
2026/07/14 12:16:40 plsim g9: s3-m2 label=prefix seed=42 windows=621 solves=487 events=341 quiet-events/day=5859.31 det=map[cs:22] storm-duty=0.00 frozen-max=0 (2.7s) -> results/g9/confirm/s3-m2-prefix-seed42.json
2026/07/14 12:16:42 plsim g9: s3-m5 label=prefix seed=42 windows=621 solves=487 events=321 quiet-events/day=5859.31 det=map[cs:14] storm-duty=0.00 frozen-max=0 (2.5s) -> results/g9/confirm/s3-m5-prefix-seed42.json
2026/07/14 12:16:45 plsim g9: s3-m10 label=prefix seed=42 windows=621 solves=487 events=321 quiet-events/day=5859.31 det=map[c:19 cs:14 k15:26 k30:19] storm-duty=0.00 frozen-max=0 (2.5s) -> results/g9/confirm/s3-m10-prefix-seed42.json
2026/07/14 12:16:47 plsim g9: s3-m20 label=prefix seed=42 windows=621 solves=487 events=321 quiet-events/day=5859.31 det=map[c:30 cs:14 k15:30 k30:30] storm-duty=0.00 frozen-max=0 (2.6s) -> results/g9/confirm/s3-m20-prefix-seed42.json
2026/07/14 12:16:49 plsim g9: s3-m1 label=postfix seed=42 windows=621 solves=487 events=0 quiet-events/day=0.00 det=map[] storm-duty=0.00 frozen-max=0 (1.8s) -> results/g9/confirm/s3-m1-postfix-seed42.json
2026/07/14 12:16:51 plsim g9: s3-m2 label=postfix seed=42 windows=621 solves=487 events=0 quiet-events/day=0.00 det=map[] storm-duty=0.00 frozen-max=0 (1.8s) -> results/g9/confirm/s3-m2-postfix-seed42.json
2026/07/14 12:16:53 plsim g9: s3-m5 label=postfix seed=42 windows=621 solves=487 events=0 quiet-events/day=0.00 det=map[] storm-duty=0.00 frozen-max=0 (1.8s) -> results/g9/confirm/s3-m5-postfix-seed42.json
2026/07/14 12:16:55 plsim g9: s3-m10 label=postfix seed=42 windows=621 solves=487 events=0 quiet-events/day=0.00 det=map[c:17 k15:23 k30:22] storm-duty=0.00 frozen-max=1 (1.8s) -> results/g9/confirm/s3-m10-postfix-seed42.json
2026/07/14 12:16:57 plsim g9: s3-m20 label=postfix seed=42 windows=621 solves=487 events=315 quiet-events/day=4137.93 det=map[c:30 cs:20 k15:30 k30:30] storm-duty=0.00 frozen-max=32 (1.9s) -> results/g9/confirm/s3-m20-postfix-seed42.json
2026/07/14 12:16:59 plsim g9: s4 label=prefix seed=42 windows=587 solves=459 events=362 quiet-events/day=5725.30 det=map[cs:18 k15:30 k30:15] storm-duty=0.00 frozen-max=0 (2.6s) -> results/g9/confirm/s4-prefix-seed42.json
2026/07/14 12:17:01 plsim g9: s4 label=postfix seed=42 windows=587 solves=459 events=0 quiet-events/day=0.00 det=map[k15:30 k30:15] storm-duty=0.00 frozen-max=0 (1.9s) -> results/g9/confirm/s4-postfix-seed42.json
2026/07/14 12:17:03 plsim g9: s6 label=prefix seed=42 windows=309 solves=224 events=213 quiet-events/day=523.64 det=map[c:1 cs:1 k15:1 k30:1 routed:1 storm:1] storm-duty=0.01 frozen-max=0 (1.5s) -> results/g9/confirm/s6-prefix-seed42.json
2026/07/14 12:17:04 plsim g9: s6 label=postfix seed=42 windows=309 solves=212 events=141 quiet-events/day=0.00 det=map[c:1 cs:1 k15:1 k30:1 routed:1 storm:1] storm-duty=0.05 frozen-max=301 (1.3s) -> results/g9/confirm/s6-postfix-seed42.json
2026/07/14 12:17:46 plsim g9: s5 label=prefix seed=42 windows=17280 solves=5748 events=5441 quiet-events/day=5441.00 det=map[] storm-duty=0.00 frozen-max=0 (41.6s) -> results/g9/confirm/s5-prefix-seed42.json
2026/07/14 12:18:19 plsim g9: s5 label=postfix seed=42 windows=17280 solves=5748 events=0 quiet-events/day=0.00 det=map[] storm-duty=0.00 frozen-max=0 (32.8s) -> results/g9/confirm/s5-postfix-seed42.json
2026/07/14 12:18:20 plsim g9 sweep: noise=0 done (1/8)
2026/07/14 12:18:21 plsim g9 sweep: noise=0.05 done (2/8)
2026/07/14 12:18:23 plsim g9 sweep: noise=0.1 done (3/8)
2026/07/14 12:18:25 plsim g9 sweep: noise=0.2 done (4/8)
2026/07/14 12:18:27 plsim g9 sweep: noise=0.4 done (5/8)
2026/07/14 12:18:28 plsim g9 sweep: noise=0.8 done (6/8)
2026/07/14 12:18:30 plsim g9 sweep: noise=1.6 done (7/8)
2026/07/14 12:18:32 plsim g9 sweep: noise=3.2 done (8/8)
2026/07/14 12:18:32 plsim g9 sweep: deadzone noise=0: recovery floor (>=90%) 0.4, detection floor (>=90%) 0.1, storm fires from 0.1, undetected up to —
2026/07/14 12:18:32 plsim g9 sweep: deadzone noise=0.05: recovery floor (>=90%) 51.2, detection floor (>=90%) 12.8, storm fires from 12.8, undetected up to 6.4
2026/07/14 12:18:32 plsim g9 sweep: deadzone noise=0.1: recovery floor (>=90%) 102.4, detection floor (>=90%) 25.6, storm fires from 25.6, undetected up to 12.8
2026/07/14 12:18:32 plsim g9 sweep: deadzone noise=0.2: recovery floor (>=90%) —, detection floor (>=90%) 51.2, storm fires from 51.2, undetected up to 25.6
2026/07/14 12:18:32 plsim g9 sweep: deadzone noise=0.4: recovery floor (>=90%) —, detection floor (>=90%) 102.4, storm fires from 102.4, undetected up to 51.2
2026/07/14 12:18:32 plsim g9 sweep: deadzone noise=0.8: recovery floor (>=90%) —, detection floor (>=90%) —, storm fires from —, undetected up to 102.4
2026/07/14 12:18:32 plsim g9 sweep: deadzone noise=1.6: recovery floor (>=90%) —, detection floor (>=90%) —, storm fires from —, undetected up to 6.4
2026/07/14 12:18:32 plsim g9 sweep: deadzone noise=3.2: recovery floor (>=90%) 12.8, detection floor (>=90%) 12.8, storm fires from —, undetected up to 6.4
2026/07/14 12:18:32 plsim g9 sweep: wrote results/g9/confirm/sweep-postfix-seed42.csv, results/g9/confirm/sweep-postfix-seed42.md
2026/07/14 12:18:34 plsim g9: s1 label=prefix seed=43 windows=432 solves=330 events=309 quiet-events/day=4920.00 det=map[cs:3] storm-duty=0.00 frozen-max=0 (1.9s) -> results/g9/confirm/s1-prefix-seed43.json
2026/07/14 12:18:35 plsim g9: s1 label=postfix seed=43 windows=432 solves=330 events=0 quiet-events/day=0.00 det=map[] storm-duty=0.00 frozen-max=0 (1.3s) -> results/g9/confirm/s1-postfix-seed43.json
2026/07/14 12:18:36 plsim g9: s2 label=prefix seed=43 windows=264 solves=184 events=169 quiet-events/day=3544.62 det=map[c:1 cs:1 k15:1 k30:1 routed:1 storm:1] storm-duty=0.03 frozen-max=0 (1.1s) -> results/g9/confirm/s2-prefix-seed43.json
2026/07/14 12:18:38 plsim g9: s2 label=postfix seed=43 windows=264 solves=175 events=2 quiet-events/day=0.00 det=map[c:1 cs:1 k15:1 k30:1 routed:1 storm:1] storm-duty=0.07 frozen-max=270 (1.1s) -> results/g9/confirm/s2-postfix-seed43.json
2026/07/14 12:18:41 plsim g9: s3-m1 label=prefix seed=43 windows=621 solves=487 events=448 quiet-events/day=5925.52 det=map[cs:29] storm-duty=0.00 frozen-max=0 (2.8s) -> results/g9/confirm/s3-m1-prefix-seed43.json
2026/07/14 12:18:43 plsim g9: s3-m2 label=prefix seed=43 windows=621 solves=487 events=341 quiet-events/day=5925.52 det=map[cs:21] storm-duty=0.00 frozen-max=0 (2.7s) -> results/g9/confirm/s3-m2-prefix-seed43.json
2026/07/14 12:18:46 plsim g9: s3-m5 label=prefix seed=43 windows=621 solves=487 events=321 quiet-events/day=5925.52 det=map[cs:15] storm-duty=0.00 frozen-max=0 (2.6s) -> results/g9/confirm/s3-m5-prefix-seed43.json
2026/07/14 12:18:48 plsim g9: s3-m10 label=prefix seed=43 windows=621 solves=487 events=321 quiet-events/day=5925.52 det=map[c:18 cs:15 k15:20 k30:22] storm-duty=0.00 frozen-max=0 (2.5s) -> results/g9/confirm/s3-m10-prefix-seed43.json
2026/07/14 12:18:51 plsim g9: s3-m20 label=prefix seed=43 windows=621 solves=487 events=321 quiet-events/day=5925.52 det=map[c:30 cs:15 k15:30 k30:30] storm-duty=0.00 frozen-max=0 (2.6s) -> results/g9/confirm/s3-m20-prefix-seed43.json
2026/07/14 12:18:53 plsim g9: s3-m1 label=postfix seed=43 windows=621 solves=487 events=0 quiet-events/day=0.00 det=map[] storm-duty=0.00 frozen-max=0 (1.9s) -> results/g9/confirm/s3-m1-postfix-seed43.json
2026/07/14 12:18:55 plsim g9: s3-m2 label=postfix seed=43 windows=621 solves=487 events=0 quiet-events/day=0.00 det=map[] storm-duty=0.00 frozen-max=0 (1.9s) -> results/g9/confirm/s3-m2-postfix-seed43.json
2026/07/14 12:18:57 plsim g9: s3-m5 label=postfix seed=43 windows=621 solves=487 events=0 quiet-events/day=0.00 det=map[] storm-duty=0.00 frozen-max=0 (1.9s) -> results/g9/confirm/s3-m5-postfix-seed43.json
2026/07/14 12:18:59 plsim g9: s3-m10 label=postfix seed=43 windows=621 solves=487 events=0 quiet-events/day=0.00 det=map[c:17 k15:19 k30:23] storm-duty=0.00 frozen-max=1 (1.9s) -> results/g9/confirm/s3-m10-postfix-seed43.json
2026/07/14 12:19:01 plsim g9: s3-m20 label=postfix seed=43 windows=621 solves=487 events=277 quiet-events/day=3641.38 det=map[c:30 cs:18 k15:30 k30:30] storm-duty=0.00 frozen-max=22 (1.9s) -> results/g9/confirm/s3-m20-postfix-seed43.json
2026/07/14 12:19:03 plsim g9: s4 label=prefix seed=43 windows=587 solves=459 events=359 quiet-events/day=5699.28 det=map[cs:19 k15:30 k30:15] storm-duty=0.00 frozen-max=0 (2.5s) -> results/g9/confirm/s4-prefix-seed43.json
2026/07/14 12:19:05 plsim g9: s4 label=postfix seed=43 windows=587 solves=459 events=0 quiet-events/day=0.00 det=map[k15:30 k30:15] storm-duty=0.00 frozen-max=0 (1.8s) -> results/g9/confirm/s4-postfix-seed43.json
2026/07/14 12:19:07 plsim g9: s6 label=prefix seed=43 windows=309 solves=224 events=207 quiet-events/day=523.64 det=map[c:1 cs:1 k15:1 k30:1 routed:1 storm:1] storm-duty=0.01 frozen-max=0 (1.5s) -> results/g9/confirm/s6-prefix-seed43.json
2026/07/14 12:19:08 plsim g9: s6 label=postfix seed=43 windows=309 solves=212 events=100 quiet-events/day=0.00 det=map[c:1 cs:1 k15:1 k30:1 routed:1 storm:1] storm-duty=0.05 frozen-max=299 (1.3s) -> results/g9/confirm/s6-postfix-seed43.json
2026/07/14 12:19:52 plsim g9: s5 label=prefix seed=43 windows=17280 solves=5748 events=5415 quiet-events/day=5415.00 det=map[] storm-duty=0.00 frozen-max=0 (43.2s) -> results/g9/confirm/s5-prefix-seed43.json
2026/07/14 12:20:25 plsim g9: s5 label=postfix seed=43 windows=17280 solves=5748 events=0 quiet-events/day=0.00 det=map[] storm-duty=0.00 frozen-max=0 (33.0s) -> results/g9/confirm/s5-postfix-seed43.json
2026/07/14 12:20:25 plsim g9 sweep: noise=0 done (1/8)
2026/07/14 12:20:27 plsim g9 sweep: noise=0.05 done (2/8)
2026/07/14 12:20:29 plsim g9 sweep: noise=0.1 done (3/8)
2026/07/14 12:20:31 plsim g9 sweep: noise=0.2 done (4/8)
2026/07/14 12:20:33 plsim g9 sweep: noise=0.4 done (5/8)
2026/07/14 12:20:35 plsim g9 sweep: noise=0.8 done (6/8)
2026/07/14 12:20:36 plsim g9 sweep: noise=1.6 done (7/8)
2026/07/14 12:20:38 plsim g9 sweep: noise=3.2 done (8/8)
2026/07/14 12:20:38 plsim g9 sweep: deadzone noise=0: recovery floor (>=90%) 0.4, detection floor (>=90%) 0.1, storm fires from 0.1, undetected up to —
2026/07/14 12:20:38 plsim g9 sweep: deadzone noise=0.05: recovery floor (>=90%) 51.2, detection floor (>=90%) 12.8, storm fires from 12.8, undetected up to 6.4
2026/07/14 12:20:38 plsim g9 sweep: deadzone noise=0.1: recovery floor (>=90%) 102.4, detection floor (>=90%) 25.6, storm fires from 25.6, undetected up to 12.8
2026/07/14 12:20:38 plsim g9 sweep: deadzone noise=0.2: recovery floor (>=90%) —, detection floor (>=90%) 51.2, storm fires from 51.2, undetected up to 25.6
2026/07/14 12:20:38 plsim g9 sweep: deadzone noise=0.4: recovery floor (>=90%) —, detection floor (>=90%) 102.4, storm fires from 102.4, undetected up to 51.2
2026/07/14 12:20:38 plsim g9 sweep: deadzone noise=0.8: recovery floor (>=90%) —, detection floor (>=90%) —, storm fires from —, undetected up to 102.4
2026/07/14 12:20:38 plsim g9 sweep: deadzone noise=1.6: recovery floor (>=90%) —, detection floor (>=90%) —, storm fires from —, undetected up to 3.2
2026/07/14 12:20:38 plsim g9 sweep: deadzone noise=3.2: recovery floor (>=90%) 25.6, detection floor (>=90%) 25.6, storm fires from —, undetected up to 6.4
2026/07/14 12:20:38 plsim g9 sweep: wrote results/g9/confirm/sweep-postfix-seed43.csv, results/g9/confirm/sweep-postfix-seed43.md
2026/07/14 12:20:39 plsim g9: calib-anom-m3 label=postfix seed=100 windows=336 solves=250 events=0 quiet-events/day=0.00 det=map[] storm-duty=0.00 frozen-max=0 (0.9s) -> results/g9/calib/calib-anom-m3-postfix-seed100.json
2026/07/14 12:20:40 plsim g9: calib-anom-m7 label=postfix seed=100 windows=336 solves=250 events=1 quiet-events/day=55.38 det=map[] storm-duty=0.00 frozen-max=4 (1.0s) -> results/g9/calib/calib-anom-m7-postfix-seed100.json
